==9036== Memcheck, a memory error detector
==9036== Copyright (C) 2002-2013, and GNU GPL'd, by Julian Seward et al.
==9036== Using Valgrind-3.10.0.SVN and LibVEX; rerun with -h for copyright info
==9036== Command: ./me
==9036== Parent PID: 3088
==9036== 
--9036-- 
--9036-- Valgrind options:
--9036--    -v
--9036--    --tool=memcheck
--9036--    --leak-check=full
--9036--    --num-callers=40
--9036--    --log-file=valgrind.log
--9036-- Contents of /proc/version:
--9036--   Linux version 3.13.0-39-generic (buildd@toyol) (gcc version 4.8.2 (Ubuntu 4.8.2-19ubuntu1) ) #66-Ubuntu SMP Tue Oct 28 13:30:27 UTC 2014
--9036-- Arch and hwcaps: AMD64, amd64-cx16-rdtscp-sse3
--9036-- Page sizes: currently 4096, max supported 4096
--9036-- Valgrind library directory: /usr/lib/valgrind
--9036-- Reading syms from /home/enthusiasm/Dokumente/Studium/Komplexe Softwaresysteme 2/exercise_3/lecture/me
--9036-- Reading syms from /lib/x86_64-linux-gnu/ld-2.19.so
--9036--   Considering /lib/x86_64-linux-gnu/ld-2.19.so ..
--9036--   .. CRC mismatch (computed 4cbae35e wanted 8d683c31)
--9036--   Considering /usr/lib/debug/lib/x86_64-linux-gnu/ld-2.19.so ..
--9036--   .. CRC is valid
--9036-- Reading syms from /usr/lib/valgrind/memcheck-amd64-linux
--9036--   Considering /usr/lib/valgrind/memcheck-amd64-linux ..
--9036--   .. CRC mismatch (computed 37cdde19 wanted adc367dd)
--9036--    object doesn't have a symbol table
--9036--    object doesn't have a dynamic symbol table
--9036-- Scheduler: using generic scheduler lock implementation.
--9036-- Reading suppressions file: /usr/lib/valgrind/default.supp
==9036== embedded gdbserver: reading from /tmp/enthusiasm/vgdb-pipe-from-vgdb-to-9036-by-enthusiasm-on-???
==9036== embedded gdbserver: writing to   /tmp/enthusiasm/vgdb-pipe-to-vgdb-from-9036-by-enthusiasm-on-???
==9036== embedded gdbserver: shared mem   /tmp/enthusiasm/vgdb-pipe-shared-mem-vgdb-9036-by-enthusiasm-on-???
==9036== 
==9036== TO CONTROL THIS PROCESS USING vgdb (which you probably
==9036== don't want to do, unless you know exactly what you're doing,
==9036== or are doing some strange experiment):
==9036==   /usr/lib/valgrind/../../bin/vgdb --pid=9036 ...command...
==9036== 
==9036== TO DEBUG THIS PROCESS USING GDB: start GDB like this
==9036==   /path/to/gdb ./me
==9036== and then give GDB the following command
==9036==   target remote | /usr/lib/valgrind/../../bin/vgdb --pid=9036
==9036== --pid is optional if only one valgrind process is running
==9036== 
--9036-- REDIR: 0x4019ca0 (strlen) redirected to 0x38068331 (???)
--9036-- Reading syms from /usr/lib/valgrind/vgpreload_core-amd64-linux.so
--9036--   Considering /usr/lib/valgrind/vgpreload_core-amd64-linux.so ..
--9036--   .. CRC mismatch (computed 329d6860 wanted c0186920)
--9036--    object doesn't have a symbol table
--9036-- Reading syms from /usr/lib/valgrind/vgpreload_memcheck-amd64-linux.so
--9036--   Considering /usr/lib/valgrind/vgpreload_memcheck-amd64-linux.so ..
--9036--   .. CRC mismatch (computed 1fb85af8 wanted 2e9e3c16)
--9036--    object doesn't have a symbol table
==9036== WARNING: new redirection conflicts with existing -- ignoring it
--9036--     old: 0x04019ca0 (strlen              ) R-> (0000.0) 0x38068331 ???
--9036--     new: 0x04019ca0 (strlen              ) R-> (2007.0) 0x04c2e1a0 strlen
--9036-- REDIR: 0x4019a50 (index) redirected to 0x4c2dd50 (index)
--9036-- REDIR: 0x4019c70 (strcmp) redirected to 0x4c2f2f0 (strcmp)
--9036-- REDIR: 0x401a9c0 (mempcpy) redirected to 0x4c31da0 (mempcpy)
--9036-- Reading syms from /usr/lib/x86_64-linux-gnu/libstdc++.so.6.0.19
--9036--   Considering /usr/lib/x86_64-linux-gnu/libstdc++.so.6.0.19 ..
--9036--   .. CRC mismatch (computed a220b90a wanted 886349ba)
--9036--    object doesn't have a symbol table
--9036-- Reading syms from /lib/x86_64-linux-gnu/libgcc_s.so.1
--9036--   Considering /lib/x86_64-linux-gnu/libgcc_s.so.1 ..
--9036--   .. CRC mismatch (computed ea519b66 wanted 0c00ddb3)
--9036--    object doesn't have a symbol table
--9036-- Reading syms from /lib/x86_64-linux-gnu/libc-2.19.so
--9036--   Considering /lib/x86_64-linux-gnu/libc-2.19.so ..
--9036--   .. CRC mismatch (computed dc620abc wanted 148cbd6e)
--9036--   Considering /usr/lib/debug/lib/x86_64-linux-gnu/libc-2.19.so ..
--9036--   .. CRC is valid
--9036-- Reading syms from /lib/x86_64-linux-gnu/libm-2.19.so
--9036--   Considering /lib/x86_64-linux-gnu/libm-2.19.so ..
--9036--   .. CRC mismatch (computed a46ef660 wanted 767bfa33)
--9036--   Considering /usr/lib/debug/lib/x86_64-linux-gnu/libm-2.19.so ..
--9036--   .. CRC is valid
--9036-- REDIR: 0x53ddd60 (strcasecmp) redirected to 0x4a25720 (_vgnU_ifunc_wrapper)
--9036-- REDIR: 0x53e0050 (strncasecmp) redirected to 0x4a25720 (_vgnU_ifunc_wrapper)
--9036-- REDIR: 0x53dd530 (memcpy@GLIBC_2.2.5) redirected to 0x4a25720 (_vgnU_ifunc_wrapper)
--9036-- REDIR: 0x53db7c0 (rindex) redirected to 0x4c2da30 (rindex)
--9036-- REDIR: 0x4e96020 (operator new[](unsigned long)) redirected to 0x4c2b790 (operator new[](unsigned long))
--9036-- REDIR: 0x53d3750 (malloc) redirected to 0x4c2ab10 (malloc)
--9036-- REDIR: 0x53dc410 (__GI_strstr) redirected to 0x4c32030 (__strstr_sse2)
--9036-- REDIR: 0x53e2780 (__GI_memcpy) redirected to 0x4c2fc90 (__GI_memcpy)
--9036-- REDIR: 0x53d3df0 (free) redirected to 0x4c2bd80 (free)
--9036-- REDIR: 0x4e95f10 (operator new(unsigned long)) redirected to 0x4c2b070 (operator new(unsigned long))
--9036-- REDIR: 0x54a1090 (__memmove_ssse3_back) redirected to 0x4c2f450 (memcpy@GLIBC_2.2.5)
--9036-- REDIR: 0x4e94260 (operator delete(void*)) redirected to 0x4c2c250 (operator delete(void*))
--9036-- REDIR: 0x53e4ac0 (strchrnul) redirected to 0x4c319b0 (strchrnul)
--9036-- REDIR: 0x4e94290 (operator delete[](void*)) redirected to 0x4c2c7d0 (operator delete[](void*))
==9036== 
==9036== HEAP SUMMARY:
==9036==     in use at exit: 0 bytes in 0 blocks
==9036==   total heap usage: 19 allocs, 19 frees, 1,158,260 bytes allocated
==9036== 
==9036== All heap blocks were freed -- no leaks are possible
==9036== 
==9036== ERROR SUMMARY: 0 errors from 0 contexts (suppressed: 0 from 0)
==9036== ERROR SUMMARY: 0 errors from 0 contexts (suppressed: 0 from 0)
